[ N 2023-08-01 08:31:22.6088 14623/T1 age/Wat/WatchdogMain.cpp:1377 ]: Starting Passenger watchdog...
[ N 2023-08-01 08:31:22.6323 14626/T1 age/Cor/CoreMain.cpp:1340 ]: Starting Passenger core...
[ N 2023-08-01 08:31:22.6325 14626/T1 age/Cor/CoreMain.cpp:256 ]: Passenger core running in multi-application mode.
[ N 2023-08-01 08:31:22.6439 14626/T1 age/Cor/CoreMain.cpp:1015 ]: Passenger core online, PID 14626
2023/08/01 08:31:24 [error] 14635#0: *4 "/home/warceu/public/index.html" is not found (2: No such file or directory), client: 127.0.0.1, server: _, request: "HEAD / HTTP/1.1", host: "0.0.0.0"
[ N 2023-08-01 08:31:25.3937 14626/T5 age/Cor/SecurityUpdateChecker.h:519 ]: Security update check: no update found (next check in 24 hours)

[ N 2023-08-01 08:34:09.5456 14626/T8 age/Cor/CoreMain.cpp:671 ]: Signal received. Gracefully shutting down... (send signal 2 more time(s) to force shutdown)
[ N 2023-08-01 08:34:09.5457 14626/T1 age/Cor/CoreMain.cpp:1246 ]: Received command to shutdown gracefully. Waiting until all clients have disconnected...
[ N 2023-08-01 08:34:09.5459 14626/Tc Ser/Server.h:902 ]: [ServerThr.3] Freed 0 spare client objects
[ N 2023-08-01 08:34:09.5459 14626/Tc Ser/Server.h:558 ]: [ServerThr.3] Shutdown finished
[ N 2023-08-01 08:34:09.5460 14626/Te Ser/Server.h:902 ]: [ServerThr.4] Freed 0 spare client objects
[ N 2023-08-01 08:34:09.5460 14626/Te Ser/Server.h:558 ]: [ServerThr.4] Shutdown finished
[ N 2023-08-01 08:34:09.5462 14626/T8 Ser/Server.h:902 ]: [ServerThr.1] Freed 0 spare client objects
[ N 2023-08-01 08:34:09.5462 14626/T8 Ser/Server.h:558 ]: [ServerThr.1] Shutdown finished
[ N 2023-08-01 08:34:09.5463 14626/Tg Ser/Server.h:902 ]: [ApiServer] Freed 0 spare client objects
[ N 2023-08-01 08:34:09.5464 14626/Tg Ser/Server.h:558 ]: [ApiServer] Shutdown finished
[ N 2023-08-01 08:34:09.5466 14626/Ta Ser/Server.h:902 ]: [ServerThr.2] Freed 0 spare client objects
[ N 2023-08-01 08:34:09.5466 14626/Ta Ser/Server.h:558 ]: [ServerThr.2] Shutdown finished
[ N 2023-08-01 08:34:10.3068 14626/T1 age/Cor/CoreMain.cpp:1325 ]: Passenger core shutdown finished
[ N 2023-08-01 08:34:19.5367 14875/T1 age/Wat/WatchdogMain.cpp:1377 ]: Starting Passenger watchdog...
[ N 2023-08-01 08:34:19.5747 14878/T1 age/Cor/CoreMain.cpp:1340 ]: Starting Passenger core...
[ N 2023-08-01 08:34:19.5749 14878/T1 age/Cor/CoreMain.cpp:256 ]: Passenger core running in multi-application mode.
[ N 2023-08-01 08:34:19.5886 14878/T1 age/Cor/CoreMain.cpp:1015 ]: Passenger core online, PID 14878
2023/08/01 08:34:21 [error] 14900#0: *4 "/home/warceu/public/index.html" is not found (2: No such file or directory), client: 127.0.0.1, server: _, request: "HEAD / HTTP/1.1", host: "0.0.0.0"
[ N 2023-08-01 08:34:22.2838 14878/T5 age/Cor/SecurityUpdateChecker.h:519 ]: Security update check: no update found (next check in 24 hours)

[ N 2023-08-01 08:36:57.0194 14878/T8 age/Cor/CoreMain.cpp:671 ]: Signal received. Gracefully shutting down... (send signal 2 more time(s) to force shutdown)
[ N 2023-08-01 08:36:57.0197 14878/T1 age/Cor/CoreMain.cpp:1246 ]: Received command to shutdown gracefully. Waiting until all clients have disconnected...
[ N 2023-08-01 08:36:57.0199 14878/Tb Ser/Server.h:902 ]: [ServerThr.2] Freed 0 spare client objects
[ N 2023-08-01 08:36:57.0200 14878/Tb Ser/Server.h:558 ]: [ServerThr.2] Shutdown finished
[ N 2023-08-01 08:36:57.0201 14878/Tc Ser/Server.h:902 ]: [ServerThr.3] Freed 0 spare client objects
[ N 2023-08-01 08:36:57.0201 14878/Tc Ser/Server.h:558 ]: [ServerThr.3] Shutdown finished
[ N 2023-08-01 08:36:57.0201 14878/Te Ser/Server.h:902 ]: [ServerThr.4] Freed 0 spare client objects
[ N 2023-08-01 08:36:57.0202 14878/Te Ser/Server.h:558 ]: [ServerThr.4] Shutdown finished
[ N 2023-08-01 08:36:57.0203 14878/T8 Ser/Server.h:902 ]: [ServerThr.1] Freed 0 spare client objects
[ N 2023-08-01 08:36:57.0203 14878/T8 Ser/Server.h:558 ]: [ServerThr.1] Shutdown finished
[ N 2023-08-01 08:36:57.0213 14878/Tg Ser/Server.h:902 ]: [ApiServer] Freed 0 spare client objects
[ N 2023-08-01 08:36:57.0213 14878/Tg Ser/Server.h:558 ]: [ApiServer] Shutdown finished
[ N 2023-08-01 08:36:57.7724 14878/T1 age/Cor/CoreMain.cpp:1325 ]: Passenger core shutdown finished
