0 verbose cli /opt/cpanel/ea-nodejs16/bin/node /opt/cpanel/ea-nodejs16/lib/node_modules/npm/bin/npm-cli.js
1 info using npm@8.19.4
2 info using node@v16.20.1
3 timing npm:load:whichnode Completed in 1ms
4 timing config:load:defaults Completed in 2ms
5 timing config:load:file:/opt/cpanel/ea-nodejs16/lib/node_modules/npm/npmrc Completed in 2ms
6 timing config:load:builtin Completed in 2ms
7 timing config:load:cli Completed in 3ms
8 timing config:load:env Completed in 0ms
9 timing config:load:file:/home/warceu/public_html/.npmrc Completed in 1ms
10 timing config:load:project Completed in 16ms
11 timing config:load:file:/home/warceu/.npmrc Completed in 0ms
12 timing config:load:user Completed in 0ms
13 timing config:load:file:/opt/cpanel/ea-nodejs16/etc/npmrc Completed in 0ms
14 timing config:load:global Completed in 0ms
15 timing config:load:validate Completed in 0ms
16 timing config:load:credentials Completed in 1ms
17 timing config:load:setEnvs Completed in 1ms
18 timing config:load Completed in 27ms
19 timing npm:load:configload Completed in 27ms
20 timing npm:load:mkdirpcache Completed in 1ms
21 timing npm:load:mkdirplogs Completed in 1ms
22 verbose title npm exec pm2
23 verbose argv "exec" "--" "pm2"
24 timing npm:load:setTitle Completed in 2ms
25 timing config:load:flatten Completed in 3ms
26 timing npm:load:display Completed in 5ms
27 verbose logfile logs-max:10 dir:/home/warceu/.npm/_logs
28 verbose logfile /home/warceu/.npm/_logs/2023-08-16T06_44_29_181Z-debug-0.log
29 timing npm:load:logFile Completed in 5ms
30 timing npm:load:timers Completed in 0ms
31 timing npm:load:configScope Completed in 0ms
32 timing npm:load Completed in 42ms
33 silly logfile done cleaning log files
34 http fetch GET 200 https://registry.npmjs.org/npm 180ms (cache miss)
35 timing command:exec Completed in 340ms
36 notice
36 notice New [31mmajor[39m version of npm available! [31m8.19.4[39m -> [32m9.8.1[39m
36 notice Changelog: [36mhttps://github.com/npm/cli/releases/tag/v9.8.1[39m
36 notice Run [32mnpm install -g npm@9.8.1[39m to update!
36 notice
37 verbose exit 1
38 timing npm Completed in 476ms
39 verbose code 1
