0 verbose cli /opt/cpanel/ea-nodejs16/bin/node /usr/bin/npm
1 info using npm@8.19.4
2 info using node@v16.20.1
3 timing npm:load:whichnode Completed in 0ms
4 timing config:load:defaults Completed in 2ms
5 timing config:load:file:/opt/cpanel/ea-nodejs16/lib/node_modules/npm/npmrc Completed in 2ms
6 timing config:load:builtin Completed in 2ms
7 timing config:load:cli Completed in 3ms
8 timing config:load:env Completed in 1ms
9 timing config:load:file:/home/warceu/public_html/node-server/.npmrc Completed in 1ms
10 timing config:load:project Completed in 17ms
11 timing config:load:file:/home/warceu/.npmrc Completed in 0ms
12 timing config:load:user Completed in 1ms
13 timing config:load:file:/opt/cpanel/ea-nodejs16/etc/npmrc Completed in 0ms
14 timing config:load:global Completed in 0ms
15 timing config:load:validate Completed in 0ms
16 timing config:load:credentials Completed in 5ms
17 timing config:load:setEnvs Completed in 1ms
18 timing config:load Completed in 32ms
19 timing npm:load:configload Completed in 32ms
20 timing npm:load:mkdirpcache Completed in 2ms
21 timing npm:load:mkdirplogs Completed in 1ms
22 verbose title npm i
23 verbose argv "i"
24 timing npm:load:setTitle Completed in 1ms
25 timing config:load:flatten Completed in 3ms
26 timing npm:load:display Completed in 4ms
27 verbose logfile logs-max:10 dir:/home/warceu/.npm/_logs
28 verbose logfile /home/warceu/.npm/_logs/2023-08-01T14_40_11_427Z-debug-0.log
29 timing npm:load:logFile Completed in 6ms
30 timing npm:load:timers Completed in 0ms
31 timing npm:load:configScope Completed in 0ms
32 timing npm:load Completed in 48ms
33 timing arborist:ctor Completed in 1ms
34 silly logfile done cleaning log files
35 timing idealTree:init Completed in 73ms
36 timing idealTree:userRequests Completed in 0ms
37 silly idealTree buildDeps
38 timing idealTree:#root Completed in 0ms
39 timing idealTree:buildDeps Completed in 2ms
40 timing idealTree:fixDepFlags Completed in 0ms
41 timing idealTree Completed in 78ms
42 timing reify:loadTrees Completed in 81ms
43 timing reify:diffTrees Completed in 3ms
44 silly reify moves {}
45 timing reify:retireShallow Completed in 1ms
46 timing reify:createSparse Completed in 23ms
47 timing reify:loadBundles Completed in 0ms
48 silly audit bulk request {
48 silly audit   accepts: [ '1.3.8' ],
48 silly audit   'array-flatten': [ '1.1.1' ],
48 silly audit   'basic-auth': [ '2.0.1' ],
48 silly audit   'safe-buffer': [ '5.1.2', '5.2.1' ],
48 silly audit   'body-parser': [ '1.20.1' ],
48 silly audit   bytes: [ '3.1.2' ],
48 silly audit   'call-bind': [ '1.0.2' ],
48 silly audit   'content-disposition': [ '0.5.4' ],
48 silly audit   'content-type': [ '1.0.5' ],
48 silly audit   cookie: [ '0.5.0' ],
48 silly audit   'cookie-signature': [ '1.0.6' ],
48 silly audit   debug: [ '2.6.9' ],
48 silly audit   depd: [ '2.0.0' ],
48 silly audit   destroy: [ '1.2.0' ],
48 silly audit   'ee-first': [ '1.1.1' ],
48 silly audit   encodeurl: [ '1.0.2' ],
48 silly audit   'escape-html': [ '1.0.3' ],
48 silly audit   etag: [ '1.8.1' ],
48 silly audit   express: [ '4.18.2' ],
48 silly audit   finalhandler: [ '1.2.0' ],
48 silly audit   forwarded: [ '0.2.0' ],
48 silly audit   fresh: [ '0.5.2' ],
48 silly audit   'function-bind': [ '1.1.1' ],
48 silly audit   'get-intrinsic': [ '1.2.1' ],
48 silly audit   has: [ '1.0.3' ],
48 silly audit   'has-proto': [ '1.0.1' ],
48 silly audit   'has-symbols': [ '1.0.3' ],
48 silly audit   'http-errors': [ '2.0.0' ],
48 silly audit   'iconv-lite': [ '0.4.24' ],
48 silly audit   inherits: [ '2.0.4' ],
48 silly audit   'ipaddr.js': [ '1.9.1' ],
48 silly audit   'media-typer': [ '0.3.0' ],
48 silly audit   'merge-descriptors': [ '1.0.1' ],
48 silly audit   methods: [ '1.1.2' ],
48 silly audit   mime: [ '1.6.0' ],
48 silly audit   'mime-db': [ '1.52.0' ],
48 silly audit   'mime-types': [ '2.1.35' ],
48 silly audit   morgan: [ '1.10.0' ],
48 silly audit   'on-finished': [ '2.3.0', '2.4.1' ],
48 silly audit   ms: [ '2.0.0', '2.1.3' ],
48 silly audit   negotiator: [ '0.6.3' ],
48 silly audit   'object-inspect': [ '1.12.3' ],
48 silly audit   'on-headers': [ '1.0.2' ],
48 silly audit   parseurl: [ '1.3.3' ],
48 silly audit   'path-to-regexp': [ '0.1.7' ],
48 silly audit   'proxy-addr': [ '2.0.7' ],
48 silly audit   qs: [ '6.11.0' ],
48 silly audit   'range-parser': [ '1.2.1' ],
48 silly audit   'raw-body': [ '2.5.1' ],
48 silly audit   'safer-buffer': [ '2.1.2' ],
48 silly audit   send: [ '0.18.0' ],
48 silly audit   'serve-static': [ '1.15.0' ],
48 silly audit   setprototypeof: [ '1.2.0' ],
48 silly audit   'side-channel': [ '1.0.4' ],
48 silly audit   statuses: [ '2.0.1' ],
48 silly audit   systeminformation: [ '5.18.7' ],
48 silly audit   toidentifier: [ '1.0.1' ],
48 silly audit   'type-is': [ '1.6.18' ],
48 silly audit   unpipe: [ '1.0.0' ],
48 silly audit   'utils-merge': [ '1.0.1' ],
48 silly audit   vary: [ '1.1.2' ]
48 silly audit }
49 silly tarball no local data for vary@https://registry.npmjs.org/vary/-/vary-1.1.2.tgz. Extracting by manifest.
50 silly tarball no local data for utils-merge@https://registry.npmjs.org/utils-merge/-/utils-merge-1.0.1.tgz. Extracting by manifest.
51 silly tarball no local data for type-is@https://registry.npmjs.org/type-is/-/type-is-1.6.18.tgz. Extracting by manifest.
52 silly tarball no local data for toidentifier@https://registry.npmjs.org/toidentifier/-/toidentifier-1.0.1.tgz. Extracting by manifest.
53 silly tarball no local data for systeminformation@https://registry.npmjs.org/systeminformation/-/systeminformation-5.18.7.tgz. Extracting by manifest.
54 silly tarball no local data for statuses@https://registry.npmjs.org/statuses/-/statuses-2.0.1.tgz. Extracting by manifest.
55 silly tarball no local data for side-channel@https://registry.npmjs.org/side-channel/-/side-channel-1.0.4.tgz. Extracting by manifest.
56 silly tarball no local data for setprototypeof@https://registry.npmjs.org/setprototypeof/-/setprototypeof-1.2.0.tgz. Extracting by manifest.
57 silly tarball no local data for serve-static@https://registry.npmjs.org/serve-static/-/serve-static-1.15.0.tgz. Extracting by manifest.
58 silly tarball no local data for send@https://registry.npmjs.org/send/-/send-0.18.0.tgz. Extracting by manifest.
59 silly tarball no local data for safer-buffer@https://registry.npmjs.org/safer-buffer/-/safer-buffer-2.1.2.tgz. Extracting by manifest.
60 silly tarball no local data for safe-buffer@https://registry.npmjs.org/safe-buffer/-/safe-buffer-5.2.1.tgz. Extracting by manifest.
61 silly tarball no local data for raw-body@https://registry.npmjs.org/raw-body/-/raw-body-2.5.1.tgz. Extracting by manifest.
62 silly tarball no local data for range-parser@https://registry.npmjs.org/range-parser/-/range-parser-1.2.1.tgz. Extracting by manifest.
63 silly tarball no local data for qs@https://registry.npmjs.org/qs/-/qs-6.11.0.tgz. Extracting by manifest.
64 silly tarball no local data for proxy-addr@https://registry.npmjs.org/proxy-addr/-/proxy-addr-2.0.7.tgz. Extracting by manifest.
65 silly tarball no local data for path-to-regexp@https://registry.npmjs.org/path-to-regexp/-/path-to-regexp-0.1.7.tgz. Extracting by manifest.
66 silly tarball no local data for parseurl@https://registry.npmjs.org/parseurl/-/parseurl-1.3.3.tgz. Extracting by manifest.
67 silly tarball no local data for on-headers@https://registry.npmjs.org/on-headers/-/on-headers-1.0.2.tgz. Extracting by manifest.
68 silly tarball no local data for on-finished@https://registry.npmjs.org/on-finished/-/on-finished-2.4.1.tgz. Extracting by manifest.
69 silly tarball no local data for object-inspect@https://registry.npmjs.org/object-inspect/-/object-inspect-1.12.3.tgz. Extracting by manifest.
70 silly tarball no local data for negotiator@https://registry.npmjs.org/negotiator/-/negotiator-0.6.3.tgz. Extracting by manifest.
71 silly tarball no local data for ms@https://registry.npmjs.org/ms/-/ms-2.0.0.tgz. Extracting by manifest.
72 silly tarball no local data for morgan@https://registry.npmjs.org/morgan/-/morgan-1.10.0.tgz. Extracting by manifest.
73 silly tarball no local data for mime-types@https://registry.npmjs.org/mime-types/-/mime-types-2.1.35.tgz. Extracting by manifest.
74 silly tarball no local data for mime-db@https://registry.npmjs.org/mime-db/-/mime-db-1.52.0.tgz. Extracting by manifest.
75 silly tarball no local data for mime@https://registry.npmjs.org/mime/-/mime-1.6.0.tgz. Extracting by manifest.
76 silly tarball no local data for methods@https://registry.npmjs.org/methods/-/methods-1.1.2.tgz. Extracting by manifest.
77 silly tarball no local data for merge-descriptors@https://registry.npmjs.org/merge-descriptors/-/merge-descriptors-1.0.1.tgz. Extracting by manifest.
78 silly tarball no local data for media-typer@https://registry.npmjs.org/media-typer/-/media-typer-0.3.0.tgz. Extracting by manifest.
79 silly tarball no local data for ipaddr.js@https://registry.npmjs.org/ipaddr.js/-/ipaddr.js-1.9.1.tgz. Extracting by manifest.
80 silly tarball no local data for inherits@https://registry.npmjs.org/inherits/-/inherits-2.0.4.tgz. Extracting by manifest.
81 silly tarball no local data for iconv-lite@https://registry.npmjs.org/iconv-lite/-/iconv-lite-0.4.24.tgz. Extracting by manifest.
82 silly tarball no local data for http-errors@https://registry.npmjs.org/http-errors/-/http-errors-2.0.0.tgz. Extracting by manifest.
83 silly tarball no local data for has-symbols@https://registry.npmjs.org/has-symbols/-/has-symbols-1.0.3.tgz. Extracting by manifest.
84 silly tarball no local data for has-proto@https://registry.npmjs.org/has-proto/-/has-proto-1.0.1.tgz. Extracting by manifest.
85 silly tarball no local data for has@https://registry.npmjs.org/has/-/has-1.0.3.tgz. Extracting by manifest.
86 silly tarball no local data for get-intrinsic@https://registry.npmjs.org/get-intrinsic/-/get-intrinsic-1.2.1.tgz. Extracting by manifest.
87 silly tarball no local data for function-bind@https://registry.npmjs.org/function-bind/-/function-bind-1.1.1.tgz. Extracting by manifest.
88 silly tarball no local data for fresh@https://registry.npmjs.org/fresh/-/fresh-0.5.2.tgz. Extracting by manifest.
89 silly tarball no local data for finalhandler@https://registry.npmjs.org/finalhandler/-/finalhandler-1.2.0.tgz. Extracting by manifest.
90 silly tarball no local data for forwarded@https://registry.npmjs.org/forwarded/-/forwarded-0.2.0.tgz. Extracting by manifest.
91 silly tarball no local data for express@https://registry.npmjs.org/express/-/express-4.18.2.tgz. Extracting by manifest.
92 silly tarball no local data for etag@https://registry.npmjs.org/etag/-/etag-1.8.1.tgz. Extracting by manifest.
93 silly tarball no local data for escape-html@https://registry.npmjs.org/escape-html/-/escape-html-1.0.3.tgz. Extracting by manifest.
94 silly tarball no local data for encodeurl@https://registry.npmjs.org/encodeurl/-/encodeurl-1.0.2.tgz. Extracting by manifest.
95 silly tarball no local data for ee-first@https://registry.npmjs.org/ee-first/-/ee-first-1.1.1.tgz. Extracting by manifest.
96 silly tarball no local data for depd@https://registry.npmjs.org/depd/-/depd-2.0.0.tgz. Extracting by manifest.
97 silly tarball no local data for debug@https://registry.npmjs.org/debug/-/debug-2.6.9.tgz. Extracting by manifest.
98 silly tarball no local data for cookie-signature@https://registry.npmjs.org/cookie-signature/-/cookie-signature-1.0.6.tgz. Extracting by manifest.
99 silly tarball no local data for destroy@https://registry.npmjs.org/destroy/-/destroy-1.2.0.tgz. Extracting by manifest.
100 silly tarball no local data for cookie@https://registry.npmjs.org/cookie/-/cookie-0.5.0.tgz. Extracting by manifest.
101 silly tarball no local data for content-type@https://registry.npmjs.org/content-type/-/content-type-1.0.5.tgz. Extracting by manifest.
102 silly tarball no local data for content-disposition@https://registry.npmjs.org/content-disposition/-/content-disposition-0.5.4.tgz. Extracting by manifest.
103 silly tarball no local data for bytes@https://registry.npmjs.org/bytes/-/bytes-3.1.2.tgz. Extracting by manifest.
104 silly tarball no local data for call-bind@https://registry.npmjs.org/call-bind/-/call-bind-1.0.2.tgz. Extracting by manifest.
105 silly tarball no local data for body-parser@https://registry.npmjs.org/body-parser/-/body-parser-1.20.1.tgz. Extracting by manifest.
106 silly tarball no local data for basic-auth@https://registry.npmjs.org/basic-auth/-/basic-auth-2.0.1.tgz. Extracting by manifest.
107 silly tarball no local data for accepts@https://registry.npmjs.org/accepts/-/accepts-1.3.8.tgz. Extracting by manifest.
108 silly tarball no local data for array-flatten@https://registry.npmjs.org/array-flatten/-/array-flatten-1.1.1.tgz. Extracting by manifest.
109 silly tarball no local data for ms@https://registry.npmjs.org/ms/-/ms-2.1.3.tgz. Extracting by manifest.
110 silly tarball no local data for on-finished@https://registry.npmjs.org/on-finished/-/on-finished-2.3.0.tgz. Extracting by manifest.
111 silly tarball no local data for unpipe@https://registry.npmjs.org/unpipe/-/unpipe-1.0.0.tgz. Extracting by manifest.
112 silly tarball no local data for safe-buffer@https://registry.npmjs.org/safe-buffer/-/safe-buffer-5.1.2.tgz. Extracting by manifest.
113 http fetch POST 200 https://registry.npmjs.org/-/npm/v1/security/advisories/bulk 417ms
114 timing auditReport:getReport Completed in 421ms
115 silly audit report {}
116 timing auditReport:init Completed in 0ms
117 timing reify:audit Completed in 423ms
118 http fetch GET 200 https://registry.npmjs.org/methods/-/methods-1.1.2.tgz 690ms (cache miss)
119 timing reifyNode:node_modules/methods Completed in 810ms
120 http fetch GET 200 https://registry.npmjs.org/fresh/-/fresh-0.5.2.tgz 677ms (cache miss)
121 timing reifyNode:node_modules/fresh Completed in 813ms
122 http fetch GET 200 https://registry.npmjs.org/array-flatten/-/array-flatten-1.1.1.tgz 632ms (cache miss)
123 timing reifyNode:node_modules/array-flatten Completed in 812ms
124 http fetch GET 200 https://registry.npmjs.org/side-channel/-/side-channel-1.0.4.tgz 757ms (cache miss)
125 timing reifyNode:node_modules/side-channel Completed in 818ms
126 http fetch GET 200 https://registry.npmjs.org/statuses/-/statuses-2.0.1.tgz 759ms (cache miss)
127 timing reifyNode:node_modules/statuses Completed in 819ms
128 http fetch GET 200 https://registry.npmjs.org/unpipe/-/unpipe-1.0.0.tgz 628ms (cache miss)
129 timing reifyNode:node_modules/unpipe Completed in 820ms
130 http fetch GET 200 https://registry.npmjs.org/vary/-/vary-1.1.2.tgz 767ms (cache miss)
131 timing reifyNode:node_modules/vary Completed in 821ms
132 http fetch GET 200 https://registry.npmjs.org/mime-types/-/mime-types-2.1.35.tgz 726ms (cache miss)
133 timing reifyNode:node_modules/mime-types Completed in 821ms
134 http fetch GET 200 https://registry.npmjs.org/function-bind/-/function-bind-1.1.1.tgz 686ms (cache miss)
135 timing reifyNode:node_modules/function-bind Completed in 821ms
136 http fetch GET 200 https://registry.npmjs.org/escape-html/-/escape-html-1.0.3.tgz 677ms (cache miss)
137 timing reifyNode:node_modules/escape-html Completed in 822ms
138 http fetch GET 200 https://registry.npmjs.org/cookie-signature/-/cookie-signature-1.0.6.tgz 669ms (cache miss)
139 timing reifyNode:node_modules/cookie-signature Completed in 822ms
140 http fetch GET 200 https://registry.npmjs.org/depd/-/depd-2.0.0.tgz 673ms (cache miss)
141 timing reifyNode:node_modules/depd Completed in 822ms
142 http fetch GET 200 https://registry.npmjs.org/bytes/-/bytes-3.1.2.tgz 651ms (cache miss)
143 timing reifyNode:node_modules/bytes Completed in 822ms
144 http fetch GET 200 https://registry.npmjs.org/destroy/-/destroy-1.2.0.tgz 668ms (cache miss)
145 timing reifyNode:node_modules/destroy Completed in 823ms
146 http fetch GET 200 https://registry.npmjs.org/basic-auth/-/basic-auth-2.0.1.tgz 646ms (cache miss)
147 timing reifyNode:node_modules/basic-auth Completed in 823ms
148 http fetch GET 200 https://registry.npmjs.org/accepts/-/accepts-1.3.8.tgz 645ms (cache miss)
149 timing reifyNode:node_modules/accepts Completed in 823ms
150 http fetch GET 200 https://registry.npmjs.org/on-finished/-/on-finished-2.3.0.tgz 639ms (cache miss)
151 timing reifyNode:node_modules/morgan/node_modules/on-finished Completed in 827ms
152 http fetch GET 200 https://registry.npmjs.org/setprototypeof/-/setprototypeof-1.2.0.tgz 767ms (cache miss)
153 timing reifyNode:node_modules/setprototypeof Completed in 828ms
154 http fetch GET 200 https://registry.npmjs.org/safe-buffer/-/safe-buffer-5.1.2.tgz 630ms (cache miss)
155 timing reifyNode:node_modules/basic-auth/node_modules/safe-buffer Completed in 826ms
156 http fetch GET 200 https://registry.npmjs.org/utils-merge/-/utils-merge-1.0.1.tgz 775ms (cache miss)
157 timing reifyNode:node_modules/utils-merge Completed in 830ms
158 http fetch GET 200 https://registry.npmjs.org/type-is/-/type-is-1.6.18.tgz 773ms (cache miss)
159 timing reifyNode:node_modules/type-is Completed in 831ms
160 http fetch GET 200 https://registry.npmjs.org/serve-static/-/serve-static-1.15.0.tgz 768ms (cache miss)
161 timing reifyNode:node_modules/serve-static Completed in 831ms
162 http fetch GET 200 https://registry.npmjs.org/on-finished/-/on-finished-2.4.1.tgz 744ms (cache miss)
163 timing reifyNode:node_modules/on-finished Completed in 830ms
164 http fetch GET 200 https://registry.npmjs.org/morgan/-/morgan-1.10.0.tgz 739ms (cache miss)
165 timing reifyNode:node_modules/morgan Completed in 831ms
166 http fetch GET 200 https://registry.npmjs.org/parseurl/-/parseurl-1.3.3.tgz 758ms (cache miss)
167 timing reifyNode:node_modules/parseurl Completed in 832ms
168 http fetch GET 200 https://registry.npmjs.org/merge-descriptors/-/merge-descriptors-1.0.1.tgz 711ms (cache miss)
169 timing reifyNode:node_modules/merge-descriptors Completed in 833ms
170 http fetch GET 200 https://registry.npmjs.org/http-errors/-/http-errors-2.0.0.tgz 706ms (cache miss)
171 timing reifyNode:node_modules/http-errors Completed in 832ms
172 http fetch GET 200 https://registry.npmjs.org/etag/-/etag-1.8.1.tgz 690ms (cache miss)
173 timing reifyNode:node_modules/etag Completed in 833ms
174 http fetch GET 200 https://registry.npmjs.org/encodeurl/-/encodeurl-1.0.2.tgz 687ms (cache miss)
175 timing reifyNode:node_modules/encodeurl Completed in 832ms
176 http fetch GET 200 https://registry.npmjs.org/forwarded/-/forwarded-0.2.0.tgz 694ms (cache miss)
177 timing reifyNode:node_modules/forwarded Completed in 833ms
178 http fetch GET 200 https://registry.npmjs.org/finalhandler/-/finalhandler-1.2.0.tgz 696ms (cache miss)
179 timing reifyNode:node_modules/finalhandler Completed in 834ms
180 http fetch GET 200 https://registry.npmjs.org/content-type/-/content-type-1.0.5.tgz 666ms (cache miss)
181 timing reifyNode:node_modules/content-type Completed in 834ms
182 http fetch GET 200 https://registry.npmjs.org/content-disposition/-/content-disposition-0.5.4.tgz 665ms (cache miss)
183 timing reifyNode:node_modules/content-disposition Completed in 834ms
184 http fetch GET 200 https://registry.npmjs.org/cookie/-/cookie-0.5.0.tgz 678ms (cache miss)
185 timing reifyNode:node_modules/cookie Completed in 834ms
186 http fetch GET 200 https://registry.npmjs.org/ms/-/ms-2.1.3.tgz 652ms (cache miss)
187 timing reifyNode:node_modules/send/node_modules/ms Completed in 838ms
188 http fetch GET 200 https://registry.npmjs.org/toidentifier/-/toidentifier-1.0.1.tgz 781ms (cache miss)
189 timing reifyNode:node_modules/toidentifier Completed in 839ms
190 http fetch GET 200 https://registry.npmjs.org/range-parser/-/range-parser-1.2.1.tgz 768ms (cache miss)
191 timing reifyNode:node_modules/range-parser Completed in 839ms
192 http fetch GET 200 https://registry.npmjs.org/negotiator/-/negotiator-0.6.3.tgz 749ms (cache miss)
193 timing reifyNode:node_modules/negotiator Completed in 838ms
194 http fetch GET 200 https://registry.npmjs.org/path-to-regexp/-/path-to-regexp-0.1.7.tgz 766ms (cache miss)
195 timing reifyNode:node_modules/path-to-regexp Completed in 839ms
196 http fetch GET 200 https://registry.npmjs.org/safer-buffer/-/safer-buffer-2.1.2.tgz 775ms (cache miss)
197 timing reifyNode:node_modules/safer-buffer Completed in 840ms
198 http fetch GET 200 https://registry.npmjs.org/on-headers/-/on-headers-1.0.2.tgz 763ms (cache miss)
199 timing reifyNode:node_modules/on-headers Completed in 839ms
200 http fetch GET 200 https://registry.npmjs.org/proxy-addr/-/proxy-addr-2.0.7.tgz 768ms (cache miss)
201 timing reifyNode:node_modules/proxy-addr Completed in 841ms
202 http fetch GET 200 https://registry.npmjs.org/ms/-/ms-2.0.0.tgz 749ms (cache miss)
203 timing reifyNode:node_modules/ms Completed in 840ms
204 http fetch GET 200 https://registry.npmjs.org/inherits/-/inherits-2.0.4.tgz 715ms (cache miss)
205 timing reifyNode:node_modules/inherits Completed in 841ms
206 http fetch GET 200 https://registry.npmjs.org/has-proto/-/has-proto-1.0.1.tgz 711ms (cache miss)
207 timing reifyNode:node_modules/has-proto Completed in 840ms
208 http fetch GET 200 https://registry.npmjs.org/media-typer/-/media-typer-0.3.0.tgz 719ms (cache miss)
209 timing reifyNode:node_modules/media-typer Completed in 841ms
210 http fetch GET 200 https://registry.npmjs.org/has-symbols/-/has-symbols-1.0.3.tgz 713ms (cache miss)
211 timing reifyNode:node_modules/has-symbols Completed in 841ms
212 http fetch GET 200 https://registry.npmjs.org/ee-first/-/ee-first-1.1.1.tgz 693ms (cache miss)
213 timing reifyNode:node_modules/ee-first Completed in 840ms
214 http fetch GET 200 https://registry.npmjs.org/call-bind/-/call-bind-1.0.2.tgz 669ms (cache miss)
215 timing reifyNode:node_modules/call-bind Completed in 841ms
216 http fetch GET 200 https://registry.npmjs.org/raw-body/-/raw-body-2.5.1.tgz 775ms (cache miss)
217 timing reifyNode:node_modules/raw-body Completed in 845ms
218 http fetch GET 200 https://registry.npmjs.org/safe-buffer/-/safe-buffer-5.2.1.tgz 778ms (cache miss)
219 timing reifyNode:node_modules/safe-buffer Completed in 845ms
220 http fetch GET 200 https://registry.npmjs.org/has/-/has-1.0.3.tgz 714ms (cache miss)
221 timing reifyNode:node_modules/has Completed in 844ms
222 http fetch GET 200 https://registry.npmjs.org/get-intrinsic/-/get-intrinsic-1.2.1.tgz 712ms (cache miss)
223 timing reifyNode:node_modules/get-intrinsic Completed in 844ms
224 http fetch GET 200 https://registry.npmjs.org/ipaddr.js/-/ipaddr.js-1.9.1.tgz 721ms (cache miss)
225 timing reifyNode:node_modules/ipaddr.js Completed in 846ms
226 http fetch GET 200 https://registry.npmjs.org/send/-/send-0.18.0.tgz 783ms (cache miss)
227 timing reifyNode:node_modules/send Completed in 847ms
228 http fetch GET 200 https://registry.npmjs.org/express/-/express-4.18.2.tgz 715ms (cache miss)
229 timing reifyNode:node_modules/express Completed in 859ms
230 http fetch GET 200 https://registry.npmjs.org/mime/-/mime-1.6.0.tgz 765ms (cache miss)
231 timing reifyNode:node_modules/mime Completed in 861ms
232 http fetch GET 200 https://registry.npmjs.org/mime-db/-/mime-db-1.52.0.tgz 767ms (cache miss)
233 timing reifyNode:node_modules/mime-db Completed in 862ms
234 http fetch GET 200 https://registry.npmjs.org/body-parser/-/body-parser-1.20.1.tgz 693ms (cache miss)
235 timing reifyNode:node_modules/body-parser Completed in 867ms
236 http fetch GET 200 https://registry.npmjs.org/debug/-/debug-2.6.9.tgz 718ms (cache miss)
237 timing reifyNode:node_modules/debug Completed in 869ms
238 http fetch GET 200 https://registry.npmjs.org/object-inspect/-/object-inspect-1.12.3.tgz 800ms (cache miss)
239 timing reifyNode:node_modules/object-inspect Completed in 889ms
240 http fetch GET 200 https://registry.npmjs.org/qs/-/qs-6.11.0.tgz 822ms (cache miss)
241 timing reifyNode:node_modules/qs Completed in 893ms
242 http fetch GET 200 https://registry.npmjs.org/iconv-lite/-/iconv-lite-0.4.24.tgz 787ms (cache miss)
243 timing reifyNode:node_modules/iconv-lite Completed in 912ms
244 http fetch GET 200 https://registry.npmjs.org/systeminformation/-/systeminformation-5.18.7.tgz 858ms (cache miss)
245 timing reifyNode:node_modules/systeminformation Completed in 918ms
246 timing reify:unpack Completed in 919ms
247 timing reify:unretire Completed in 0ms
248 timing build:queue Completed in 3ms
249 timing build:link:node_modules/mime Completed in 6ms
250 timing build:link:node_modules/systeminformation Completed in 6ms
251 timing build:link Completed in 7ms
252 timing build:deps Completed in 10ms
253 timing build Completed in 10ms
254 timing reify:build Completed in 11ms
255 timing reify:trash Completed in 0ms
256 timing reify:save Completed in 17ms
257 timing reify Completed in 1111ms
258 silly ADD node_modules/vary
259 silly ADD node_modules/utils-merge
260 silly ADD node_modules/unpipe
261 silly ADD node_modules/type-is
262 silly ADD node_modules/toidentifier
263 silly ADD node_modules/systeminformation
264 silly ADD node_modules/statuses
265 silly ADD node_modules/side-channel
266 silly ADD node_modules/setprototypeof
267 silly ADD node_modules/serve-static
268 silly ADD node_modules/send
269 silly ADD node_modules/send/node_modules/ms
270 silly ADD node_modules/safer-buffer
271 silly ADD node_modules/safe-buffer
272 silly ADD node_modules/raw-body
273 silly ADD node_modules/range-parser
274 silly ADD node_modules/qs
275 silly ADD node_modules/proxy-addr
276 silly ADD node_modules/path-to-regexp
277 silly ADD node_modules/parseurl
278 silly ADD node_modules/on-headers
279 silly ADD node_modules/on-finished
280 silly ADD node_modules/object-inspect
281 silly ADD node_modules/negotiator
282 silly ADD node_modules/ms
283 silly ADD node_modules/morgan
284 silly ADD node_modules/morgan/node_modules/on-finished
285 silly ADD node_modules/mime-types
286 silly ADD node_modules/mime-db
287 silly ADD node_modules/mime
288 silly ADD node_modules/methods
289 silly ADD node_modules/merge-descriptors
290 silly ADD node_modules/media-typer
291 silly ADD node_modules/ipaddr.js
292 silly ADD node_modules/inherits
293 silly ADD node_modules/iconv-lite
294 silly ADD node_modules/http-errors
295 silly ADD node_modules/has-symbols
296 silly ADD node_modules/has-proto
297 silly ADD node_modules/has
298 silly ADD node_modules/get-intrinsic
299 silly ADD node_modules/function-bind
300 silly ADD node_modules/fresh
301 silly ADD node_modules/forwarded
302 silly ADD node_modules/finalhandler
303 silly ADD node_modules/express
304 silly ADD node_modules/etag
305 silly ADD node_modules/escape-html
306 silly ADD node_modules/encodeurl
307 silly ADD node_modules/ee-first
308 silly ADD node_modules/destroy
309 silly ADD node_modules/depd
310 silly ADD node_modules/debug
311 silly ADD node_modules/cookie-signature
312 silly ADD node_modules/cookie
313 silly ADD node_modules/content-type
314 silly ADD node_modules/content-disposition
315 silly ADD node_modules/call-bind
316 silly ADD node_modules/bytes
317 silly ADD node_modules/body-parser
318 silly ADD node_modules/basic-auth
319 silly ADD node_modules/basic-auth/node_modules/safe-buffer
320 silly ADD node_modules/array-flatten
321 silly ADD node_modules/accepts
322 timing command:i Completed in 1124ms
323 verbose exit 0
324 timing npm Completed in 1296ms
325 info ok
