0 verbose cli /opt/cpanel/ea-nodejs16/bin/node /opt/cpanel/ea-nodejs16/lib/node_modules/npm/bin/npm-cli.js
1 info using npm@8.19.4
2 info using node@v16.20.2
3 timing npm:load:whichnode Completed in 0ms
4 timing config:load:defaults Completed in 2ms
5 timing config:load:file:/opt/cpanel/ea-nodejs16/lib/node_modules/npm/npmrc Completed in 1ms
6 timing config:load:builtin Completed in 1ms
7 timing config:load:cli Completed in 1ms
8 timing config:load:env Completed in 0ms
9 timing config:load:project Completed in 13ms
10 timing config:load:file:/home/warceu/.npmrc Completed in 0ms
11 timing config:load:user Completed in 1ms
12 timing config:load:file:/opt/cpanel/ea-nodejs16/etc/npmrc Completed in 1ms
13 timing config:load:global Completed in 1ms
14 timing config:load:validate Completed in 0ms
15 timing config:load:credentials Completed in 1ms
16 timing config:load:setEnvs Completed in 1ms
17 timing config:load Completed in 22ms
18 timing npm:load:configload Completed in 22ms
19 timing npm:load:mkdirpcache Completed in 2ms
20 timing npm:load:mkdirplogs Completed in 0ms
21 verbose title npm exec pm2
22 verbose argv "exec" "--" "pm2"
23 timing npm:load:setTitle Completed in 2ms
24 timing config:load:flatten Completed in 3ms
25 timing npm:load:display Completed in 5ms
26 verbose logfile logs-max:10 dir:/home/warceu/.npm/_logs
27 verbose logfile /home/warceu/.npm/_logs/2023-08-20T22_15_25_594Z-debug-0.log
28 timing npm:load:logFile Completed in 6ms
29 timing npm:load:timers Completed in 0ms
30 timing npm:load:configScope Completed in 0ms
31 timing npm:load Completed in 37ms
32 silly logfile done cleaning log files
33 timing arborist:ctor Completed in 0ms
34 http fetch GET 200 https://registry.npmjs.org/pm2 189ms (cache revalidated)
35 timing arborist:ctor Completed in 1ms
36 timing arborist:ctor Completed in 0ms
37 timing command:exec Completed in 3262ms
38 verbose stack Error: canceled
38 verbose stack     at exec (/opt/cpanel/ea-nodejs16/lib/node_modules/npm/node_modules/libnpmexec/lib/index.js:248:19)
38 verbose stack     at processTicksAndRejections (node:internal/process/task_queues:96:5)
38 verbose stack     at async module.exports (/opt/cpanel/ea-nodejs16/lib/node_modules/npm/lib/cli.js:78:5)
39 verbose cwd /home/warceu
40 verbose Linux 4.18.0-477.15.1.el8_8.x86_64
41 verbose node v16.20.2
42 verbose npm  v8.19.4
43 error canceled
44 verbose exit 1
45 timing npm Completed in 3380ms
46 verbose code 1
47 error A complete log of this run can be found in:
47 error     /home/warceu/.npm/_logs/2023-08-20T22_15_25_594Z-debug-0.log
