[31-Jul-2023 22:16:53 America/Los_Angeles] [CPANELICSIMPORT: Touch file created for warceu]
[31-Jul-2023 22:16:53 America/Los_Angeles] PHP Warning:  filesize(): stat failed for /home/warceu/.cpanel/icals/warceu.ics in /usr/local/cpanel/base/3rdparty/roundcube/plugins/cpanelicsimport/cpanelicsimport.php on line 102
[31-Jul-2023 22:16:53 America/Los_Angeles] [CPANELVCFIMPORT: Touch file created for warceu]
[31-Jul-2023 22:16:53 America/Los_Angeles] PHP Warning:  filesize(): stat failed for /home/warceu/.cpanel/vcards/warceu.vcf in /usr/local/cpanel/base/3rdparty/roundcube/plugins/cpanelvcfimport/cpanelvcfimport.php on line 81
[31-Jul-2023 22:17:41 America/Los_Angeles] PHP Deprecated:  preg_match(): Passing null to parameter #2 ($subject) of type string is deprecated in /usr/local/cpanel/base/3rdparty/roundcube/program/lib/Roundcube/bootstrap.php on line 155
[31-Jul-2023 22:17:41 America/Los_Angeles] PHP Deprecated:  preg_match(): Passing null to parameter #2 ($subject) of type string is deprecated in /usr/local/cpanel/base/3rdparty/roundcube/program/lib/Roundcube/bootstrap.php on line 155
[31-Jul-2023 22:23:05 America/Los_Angeles] PHP Deprecated:  preg_match(): Passing null to parameter #2 ($subject) of type string is deprecated in /usr/local/cpanel/base/3rdparty/roundcube/program/lib/Roundcube/bootstrap.php on line 155
[31-Jul-2023 22:23:05 America/Los_Angeles] PHP Deprecated:  preg_match(): Passing null to parameter #2 ($subject) of type string is deprecated in /usr/local/cpanel/base/3rdparty/roundcube/program/lib/Roundcube/bootstrap.php on line 155
[31-Jul-2023 22:56:19 America/Los_Angeles] [CPANELICSIMPORT: Touch file created for center@warceuproject.dev]
[31-Jul-2023 22:56:19 America/Los_Angeles] PHP Warning:  filesize(): stat failed for /home/warceu/.cpanel/icals/center@warceuproject.dev.ics in /usr/local/cpanel/base/3rdparty/roundcube/plugins/cpanelicsimport/cpanelicsimport.php on line 102
[31-Jul-2023 22:56:19 America/Los_Angeles] [CPANELVCFIMPORT: Touch file created for center@warceuproject.dev]
[31-Jul-2023 22:56:19 America/Los_Angeles] PHP Warning:  filesize(): stat failed for /home/warceu/.cpanel/vcards/center@warceuproject.dev.vcf in /usr/local/cpanel/base/3rdparty/roundcube/plugins/cpanelvcfimport/cpanelvcfimport.php on line 81
[31-Jul-2023 22:56:34 America/Los_Angeles] PHP Deprecated:  preg_match(): Passing null to parameter #2 ($subject) of type string is deprecated in /usr/local/cpanel/base/3rdparty/roundcube/program/lib/Roundcube/bootstrap.php on line 155
[31-Jul-2023 22:56:34 America/Los_Angeles] PHP Deprecated:  preg_match(): Passing null to parameter #2 ($subject) of type string is deprecated in /usr/local/cpanel/base/3rdparty/roundcube/program/lib/Roundcube/bootstrap.php on line 155
[31-Jul-2023 22:59:02 America/Los_Angeles] [CPANELICSIMPORT: Touch file /home/warceu/.cpanel/icals/.cpanel_ics_import_center@warceuproject.dev exists for center@warceuproject.dev and cpanel_run_once is true, exiting]
[31-Jul-2023 22:59:02 America/Los_Angeles] [CPANELVCFIMPORT: Touch file /home/warceu/.cpanel/vcards/.cpanel_vcf_import_center@warceuproject.dev exists for center@warceuproject.dev and cpanel_run_once is true, exiting]
[31-Jul-2023 22:59:40 America/Los_Angeles] PHP Deprecated:  preg_match(): Passing null to parameter #2 ($subject) of type string is deprecated in /usr/local/cpanel/base/3rdparty/roundcube/program/lib/Roundcube/bootstrap.php on line 155
[31-Jul-2023 22:59:40 America/Los_Angeles] PHP Deprecated:  preg_match(): Passing null to parameter #2 ($subject) of type string is deprecated in /usr/local/cpanel/base/3rdparty/roundcube/program/lib/Roundcube/bootstrap.php on line 155
[31-Jul-2023 23:00:20 America/Los_Angeles] PHP Deprecated:  preg_match(): Passing null to parameter #2 ($subject) of type string is deprecated in /usr/local/cpanel/base/3rdparty/roundcube/program/lib/Roundcube/bootstrap.php on line 155
[31-Jul-2023 23:00:20 America/Los_Angeles] PHP Deprecated:  preg_match(): Passing null to parameter #2 ($subject) of type string is deprecated in /usr/local/cpanel/base/3rdparty/roundcube/program/lib/Roundcube/bootstrap.php on line 155
[31-Jul-2023 23:03:03 America/Los_Angeles] [CPANELICSIMPORT: Touch file /home/warceu/.cpanel/icals/.cpanel_ics_import_warceu exists for warceu and cpanel_run_once is true, exiting]
[31-Jul-2023 23:03:03 America/Los_Angeles] [CPANELVCFIMPORT: Touch file /home/warceu/.cpanel/vcards/.cpanel_vcf_import_warceu exists for warceu and cpanel_run_once is true, exiting]
[01-Aug-2023 05:40:56 America/Los_Angeles] [CPANELICSIMPORT: Touch file /home/warceu/.cpanel/icals/.cpanel_ics_import_center@warceuproject.dev exists for center@warceuproject.dev and cpanel_run_once is true, exiting]
[01-Aug-2023 05:40:56 America/Los_Angeles] [CPANELVCFIMPORT: Touch file /home/warceu/.cpanel/vcards/.cpanel_vcf_import_center@warceuproject.dev exists for center@warceuproject.dev and cpanel_run_once is true, exiting]
[01-Aug-2023 06:14:05 America/Los_Angeles] [CPANELICSIMPORT: Touch file /home/warceu/.cpanel/icals/.cpanel_ics_import_center@warceuproject.dev exists for center@warceuproject.dev and cpanel_run_once is true, exiting]
[01-Aug-2023 06:14:05 America/Los_Angeles] [CPANELVCFIMPORT: Touch file /home/warceu/.cpanel/vcards/.cpanel_vcf_import_center@warceuproject.dev exists for center@warceuproject.dev and cpanel_run_once is true, exiting]
[01-Aug-2023 06:15:09 America/Los_Angeles] [CPANELICSIMPORT: Touch file /home/warceu/.cpanel/icals/.cpanel_ics_import_center@warceuproject.dev exists for center@warceuproject.dev and cpanel_run_once is true, exiting]
[01-Aug-2023 06:15:09 America/Los_Angeles] [CPANELVCFIMPORT: Touch file /home/warceu/.cpanel/vcards/.cpanel_vcf_import_center@warceuproject.dev exists for center@warceuproject.dev and cpanel_run_once is true, exiting]
[01-Aug-2023 06:18:05 America/Los_Angeles] PHP Deprecated:  preg_match(): Passing null to parameter #2 ($subject) of type string is deprecated in /usr/local/cpanel/base/3rdparty/roundcube/program/lib/Roundcube/bootstrap.php on line 155
[01-Aug-2023 06:18:05 America/Los_Angeles] PHP Deprecated:  preg_match(): Passing null to parameter #2 ($subject) of type string is deprecated in /usr/local/cpanel/base/3rdparty/roundcube/program/lib/Roundcube/bootstrap.php on line 155
[03-Aug-2023 00:01:59 America/Los_Angeles] [CPANELICSIMPORT: Touch file /home/warceu/.cpanel/icals/.cpanel_ics_import_center@warceuproject.dev exists for center@warceuproject.dev and cpanel_run_once is true, exiting]
[03-Aug-2023 00:01:59 America/Los_Angeles] [CPANELVCFIMPORT: Touch file /home/warceu/.cpanel/vcards/.cpanel_vcf_import_center@warceuproject.dev exists for center@warceuproject.dev and cpanel_run_once is true, exiting]
[03-Aug-2023 00:05:58 America/Los_Angeles] [CPANELICSIMPORT: Touch file /home/warceu/.cpanel/icals/.cpanel_ics_import_center@warceuproject.dev exists for center@warceuproject.dev and cpanel_run_once is true, exiting]
[03-Aug-2023 00:05:58 America/Los_Angeles] [CPANELVCFIMPORT: Touch file /home/warceu/.cpanel/vcards/.cpanel_vcf_import_center@warceuproject.dev exists for center@warceuproject.dev and cpanel_run_once is true, exiting]
[03-Aug-2023 00:06:02 America/Los_Angeles] PHP Deprecated:  preg_match(): Passing null to parameter #2 ($subject) of type string is deprecated in /usr/local/cpanel/base/3rdparty/roundcube/program/lib/Roundcube/bootstrap.php on line 155
[03-Aug-2023 00:06:02 America/Los_Angeles] PHP Deprecated:  preg_match(): Passing null to parameter #2 ($subject) of type string is deprecated in /usr/local/cpanel/base/3rdparty/roundcube/program/lib/Roundcube/bootstrap.php on line 155
[03-Aug-2023 00:06:38 America/Los_Angeles] PHP Deprecated:  preg_match(): Passing null to parameter #2 ($subject) of type string is deprecated in /usr/local/cpanel/base/3rdparty/roundcube/program/lib/Roundcube/bootstrap.php on line 155
[03-Aug-2023 00:06:38 America/Los_Angeles] PHP Deprecated:  preg_match(): Passing null to parameter #2 ($subject) of type string is deprecated in /usr/local/cpanel/base/3rdparty/roundcube/program/lib/Roundcube/bootstrap.php on line 155
[03-Aug-2023 00:06:40 America/Los_Angeles] PHP Deprecated:  preg_match(): Passing null to parameter #2 ($subject) of type string is deprecated in /usr/local/cpanel/base/3rdparty/roundcube/program/lib/Roundcube/bootstrap.php on line 155
[03-Aug-2023 00:06:40 America/Los_Angeles] PHP Deprecated:  preg_match(): Passing null to parameter #2 ($subject) of type string is deprecated in /usr/local/cpanel/base/3rdparty/roundcube/program/lib/Roundcube/bootstrap.php on line 155
[03-Aug-2023 00:07:42 America/Los_Angeles] [CPANELICSIMPORT: Touch file /home/warceu/.cpanel/icals/.cpanel_ics_import_center@warceuproject.dev exists for center@warceuproject.dev and cpanel_run_once is true, exiting]
[03-Aug-2023 00:07:42 America/Los_Angeles] [CPANELVCFIMPORT: Touch file /home/warceu/.cpanel/vcards/.cpanel_vcf_import_center@warceuproject.dev exists for center@warceuproject.dev and cpanel_run_once is true, exiting]
[03-Aug-2023 00:48:56 America/Los_Angeles] [CPANELICSIMPORT: Touch file /home/warceu/.cpanel/icals/.cpanel_ics_import_center@warceuproject.dev exists for center@warceuproject.dev and cpanel_run_once is true, exiting]
[03-Aug-2023 00:48:56 America/Los_Angeles] [CPANELVCFIMPORT: Touch file /home/warceu/.cpanel/vcards/.cpanel_vcf_import_center@warceuproject.dev exists for center@warceuproject.dev and cpanel_run_once is true, exiting]
[03-Aug-2023 00:49:02 America/Los_Angeles] PHP Deprecated:  preg_match(): Passing null to parameter #2 ($subject) of type string is deprecated in /usr/local/cpanel/base/3rdparty/roundcube/program/lib/Roundcube/bootstrap.php on line 155
[03-Aug-2023 00:49:02 America/Los_Angeles] PHP Deprecated:  preg_match(): Passing null to parameter #2 ($subject) of type string is deprecated in /usr/local/cpanel/base/3rdparty/roundcube/program/lib/Roundcube/bootstrap.php on line 155
[03-Aug-2023 08:01:08 America/Los_Angeles] [CPANELICSIMPORT: Touch file /home/warceu/.cpanel/icals/.cpanel_ics_import_center@warceuproject.dev exists for center@warceuproject.dev and cpanel_run_once is true, exiting]
[03-Aug-2023 08:01:08 America/Los_Angeles] [CPANELVCFIMPORT: Touch file /home/warceu/.cpanel/vcards/.cpanel_vcf_import_center@warceuproject.dev exists for center@warceuproject.dev and cpanel_run_once is true, exiting]
[03-Aug-2023 08:01:20 America/Los_Angeles] PHP Deprecated:  preg_match(): Passing null to parameter #2 ($subject) of type string is deprecated in /usr/local/cpanel/base/3rdparty/roundcube/program/lib/Roundcube/bootstrap.php on line 155
[03-Aug-2023 08:01:20 America/Los_Angeles] PHP Deprecated:  preg_match(): Passing null to parameter #2 ($subject) of type string is deprecated in /usr/local/cpanel/base/3rdparty/roundcube/program/lib/Roundcube/bootstrap.php on line 155
[03-Aug-2023 08:01:30 America/Los_Angeles] PHP Deprecated:  preg_match(): Passing null to parameter #2 ($subject) of type string is deprecated in /usr/local/cpanel/base/3rdparty/roundcube/program/lib/Roundcube/bootstrap.php on line 155
[03-Aug-2023 08:01:30 America/Los_Angeles] PHP Deprecated:  preg_match(): Passing null to parameter #2 ($subject) of type string is deprecated in /usr/local/cpanel/base/3rdparty/roundcube/program/lib/Roundcube/bootstrap.php on line 155
[03-Aug-2023 08:06:52 America/Los_Angeles] PHP Deprecated:  preg_match(): Passing null to parameter #2 ($subject) of type string is deprecated in /usr/local/cpanel/base/3rdparty/roundcube/program/lib/Roundcube/bootstrap.php on line 155
[03-Aug-2023 08:06:52 America/Los_Angeles] PHP Deprecated:  preg_match(): Passing null to parameter #2 ($subject) of type string is deprecated in /usr/local/cpanel/base/3rdparty/roundcube/program/lib/Roundcube/bootstrap.php on line 155
[03-Aug-2023 08:08:02 America/Los_Angeles] PHP Deprecated:  preg_match(): Passing null to parameter #2 ($subject) of type string is deprecated in /usr/local/cpanel/base/3rdparty/roundcube/program/lib/Roundcube/bootstrap.php on line 155
[03-Aug-2023 08:08:02 America/Los_Angeles] PHP Deprecated:  preg_match(): Passing null to parameter #2 ($subject) of type string is deprecated in /usr/local/cpanel/base/3rdparty/roundcube/program/lib/Roundcube/bootstrap.php on line 155
[03-Aug-2023 10:28:51 America/Los_Angeles] [CPANELICSIMPORT: Touch file /home/warceu/.cpanel/icals/.cpanel_ics_import_warceu exists for warceu and cpanel_run_once is true, exiting]
[03-Aug-2023 10:28:51 America/Los_Angeles] [CPANELVCFIMPORT: Touch file /home/warceu/.cpanel/vcards/.cpanel_vcf_import_warceu exists for warceu and cpanel_run_once is true, exiting]
[03-Aug-2023 10:29:31 America/Los_Angeles] PHP Deprecated:  preg_match(): Passing null to parameter #2 ($subject) of type string is deprecated in /usr/local/cpanel/base/3rdparty/roundcube/program/lib/Roundcube/bootstrap.php on line 155
[03-Aug-2023 10:29:31 America/Los_Angeles] PHP Deprecated:  preg_match(): Passing null to parameter #2 ($subject) of type string is deprecated in /usr/local/cpanel/base/3rdparty/roundcube/program/lib/Roundcube/bootstrap.php on line 155
[03-Aug-2023 10:29:49 America/Los_Angeles] PHP Deprecated:  preg_match(): Passing null to parameter #2 ($subject) of type string is deprecated in /usr/local/cpanel/base/3rdparty/roundcube/program/lib/Roundcube/bootstrap.php on line 155
[03-Aug-2023 10:29:49 America/Los_Angeles] PHP Deprecated:  preg_match(): Passing null to parameter #2 ($subject) of type string is deprecated in /usr/local/cpanel/base/3rdparty/roundcube/program/lib/Roundcube/bootstrap.php on line 155
[03-Aug-2023 10:30:26 America/Los_Angeles] PHP Deprecated:  preg_match(): Passing null to parameter #2 ($subject) of type string is deprecated in /usr/local/cpanel/base/3rdparty/roundcube/program/lib/Roundcube/bootstrap.php on line 155
[03-Aug-2023 10:30:26 America/Los_Angeles] PHP Deprecated:  preg_match(): Passing null to parameter #2 ($subject) of type string is deprecated in /usr/local/cpanel/base/3rdparty/roundcube/program/lib/Roundcube/bootstrap.php on line 155
[03-Aug-2023 10:47:33 America/Los_Angeles] [CPANELICSIMPORT: Touch file /home/warceu/.cpanel/icals/.cpanel_ics_import_warceu exists for warceu and cpanel_run_once is true, exiting]
[03-Aug-2023 10:47:33 America/Los_Angeles] [CPANELVCFIMPORT: Touch file /home/warceu/.cpanel/vcards/.cpanel_vcf_import_warceu exists for warceu and cpanel_run_once is true, exiting]
[03-Aug-2023 18:16:46 America/Los_Angeles] [CPANELICSIMPORT: Touch file /home/warceu/.cpanel/icals/.cpanel_ics_import_center@warceuproject.dev exists for center@warceuproject.dev and cpanel_run_once is true, exiting]
[03-Aug-2023 18:16:46 America/Los_Angeles] [CPANELVCFIMPORT: Touch file /home/warceu/.cpanel/vcards/.cpanel_vcf_import_center@warceuproject.dev exists for center@warceuproject.dev and cpanel_run_once is true, exiting]
[03-Aug-2023 19:45:36 America/Los_Angeles] PHP Deprecated:  preg_match(): Passing null to parameter #2 ($subject) of type string is deprecated in /usr/local/cpanel/base/3rdparty/roundcube/program/lib/Roundcube/bootstrap.php on line 155
[03-Aug-2023 19:45:36 America/Los_Angeles] PHP Deprecated:  preg_match(): Passing null to parameter #2 ($subject) of type string is deprecated in /usr/local/cpanel/base/3rdparty/roundcube/program/lib/Roundcube/bootstrap.php on line 155
[03-Aug-2023 22:32:55 America/Los_Angeles] [CPANELICSIMPORT: Touch file /home/warceu/.cpanel/icals/.cpanel_ics_import_center@warceuproject.dev exists for center@warceuproject.dev and cpanel_run_once is true, exiting]
[03-Aug-2023 22:32:55 America/Los_Angeles] [CPANELVCFIMPORT: Touch file /home/warceu/.cpanel/vcards/.cpanel_vcf_import_center@warceuproject.dev exists for center@warceuproject.dev and cpanel_run_once is true, exiting]
[03-Aug-2023 22:32:55 America/Los_Angeles] [CPANELICSIMPORT: Touch file /home/warceu/.cpanel/icals/.cpanel_ics_import_center@warceuproject.dev exists for center@warceuproject.dev and cpanel_run_once is true, exiting]
[03-Aug-2023 22:32:55 America/Los_Angeles] [CPANELVCFIMPORT: Touch file /home/warceu/.cpanel/vcards/.cpanel_vcf_import_center@warceuproject.dev exists for center@warceuproject.dev and cpanel_run_once is true, exiting]
[04-Aug-2023 07:53:31 America/Los_Angeles] [CPANELICSIMPORT: Touch file /home/warceu/.cpanel/icals/.cpanel_ics_import_center@warceuproject.dev exists for center@warceuproject.dev and cpanel_run_once is true, exiting]
[04-Aug-2023 07:53:31 America/Los_Angeles] [CPANELVCFIMPORT: Touch file /home/warceu/.cpanel/vcards/.cpanel_vcf_import_center@warceuproject.dev exists for center@warceuproject.dev and cpanel_run_once is true, exiting]
[04-Aug-2023 07:54:42 America/Los_Angeles] [CPANELICSIMPORT: Touch file /home/warceu/.cpanel/icals/.cpanel_ics_import_warceu exists for warceu and cpanel_run_once is true, exiting]
[04-Aug-2023 07:54:42 America/Los_Angeles] [CPANELVCFIMPORT: Touch file /home/warceu/.cpanel/vcards/.cpanel_vcf_import_warceu exists for warceu and cpanel_run_once is true, exiting]
[04-Aug-2023 07:55:45 America/Los_Angeles] [CPANELICSIMPORT: Touch file /home/warceu/.cpanel/icals/.cpanel_ics_import_warceu exists for warceu and cpanel_run_once is true, exiting]
[04-Aug-2023 07:55:45 America/Los_Angeles] [CPANELVCFIMPORT: Touch file /home/warceu/.cpanel/vcards/.cpanel_vcf_import_warceu exists for warceu and cpanel_run_once is true, exiting]
[04-Aug-2023 08:39:38 America/Los_Angeles] [CPANELICSIMPORT: Touch file /home/warceu/.cpanel/icals/.cpanel_ics_import_center@warceuproject.dev exists for center@warceuproject.dev and cpanel_run_once is true, exiting]
[04-Aug-2023 08:39:38 America/Los_Angeles] [CPANELVCFIMPORT: Touch file /home/warceu/.cpanel/vcards/.cpanel_vcf_import_center@warceuproject.dev exists for center@warceuproject.dev and cpanel_run_once is true, exiting]
[05-Aug-2023 02:05:28 Asia/Jakarta] [CPANELICSIMPORT: Touch file /home/warceu/.cpanel/icals/.cpanel_ics_import_center@warceuproject.dev exists for center@warceuproject.dev and cpanel_run_once is true, exiting]
[05-Aug-2023 02:05:28 Asia/Jakarta] [CPANELVCFIMPORT: Touch file /home/warceu/.cpanel/vcards/.cpanel_vcf_import_center@warceuproject.dev exists for center@warceuproject.dev and cpanel_run_once is true, exiting]
[06-Aug-2023 23:12:53 Asia/Jakarta] [CPANELICSIMPORT: Touch file /home/warceu/.cpanel/icals/.cpanel_ics_import_center@warceuproject.dev exists for center@warceuproject.dev and cpanel_run_once is true, exiting]
[06-Aug-2023 23:12:53 Asia/Jakarta] [CPANELVCFIMPORT: Touch file /home/warceu/.cpanel/vcards/.cpanel_vcf_import_center@warceuproject.dev exists for center@warceuproject.dev and cpanel_run_once is true, exiting]
[08-Aug-2023 18:44:11 Asia/Jakarta] [CPANELICSIMPORT: Touch file /home/warceu/.cpanel/icals/.cpanel_ics_import_center@warceuproject.dev exists for center@warceuproject.dev and cpanel_run_once is true, exiting]
[08-Aug-2023 18:44:11 Asia/Jakarta] [CPANELVCFIMPORT: Touch file /home/warceu/.cpanel/vcards/.cpanel_vcf_import_center@warceuproject.dev exists for center@warceuproject.dev and cpanel_run_once is true, exiting]
[17-Aug-2023 11:38:10 Asia/Jakarta] [CPANELICSIMPORT: Touch file /home/warceu/.cpanel/icals/.cpanel_ics_import_center@warceuproject.dev exists for center@warceuproject.dev and cpanel_run_once is true, exiting]
[17-Aug-2023 11:38:10 Asia/Jakarta] [CPANELVCFIMPORT: Touch file /home/warceu/.cpanel/vcards/.cpanel_vcf_import_center@warceuproject.dev exists for center@warceuproject.dev and cpanel_run_once is true, exiting]
