2023-08-16 02:28:09.691 [info] Log level: Info
2023-08-16 02:28:09.691 [info] Validating found git in: "git"
2023-08-16 02:28:09.691 [info] Using git "2.40.1" from "git"
2023-08-16 02:28:09.691 [info] > git rev-parse --show-toplevel [49ms]
2023-08-16 02:28:09.691 [info] fatal: not a git repository (or any of the parent directories): .git
2023-08-16 02:28:09.691 [info] > git rev-parse --show-toplevel [1ms]
2023-08-16 02:28:09.691 [info] fatal: not a git repository (or any of the parent directories): .git
2023-08-16 02:28:09.691 [info] > git rev-parse --show-toplevel [1ms]
2023-08-16 02:28:09.691 [info] fatal: not a git repository (or any of the parent directories): .git
2023-08-16 02:28:09.691 [info] > git rev-parse --show-toplevel [3ms]
2023-08-16 02:28:09.691 [info] fatal: not a git repository (or any of the parent directories): .git
2023-08-16 02:28:09.691 [info] > git rev-parse --show-toplevel [2ms]
2023-08-16 02:28:09.691 [info] fatal: not a git repository (or any of the parent directories): .git
2023-08-16 02:28:09.691 [info] > git rev-parse --show-toplevel [0ms]
2023-08-16 02:28:09.691 [info] fatal: not a git repository (or any of the parent directories): .git
2023-08-16 02:28:09.691 [info] > git rev-parse --show-toplevel [1ms]
2023-08-16 02:28:09.691 [info] fatal: not a git repository (or any of the parent directories): .git
2023-08-16 02:28:09.691 [info] > git rev-parse --show-toplevel [1ms]
2023-08-16 02:28:09.691 [info] fatal: not a git repository (or any of the parent directories): .git
2023-08-16 02:28:09.691 [info] > git rev-parse --show-toplevel [0ms]
2023-08-16 02:28:09.691 [info] fatal: not a git repository (or any of the parent directories): .git
2023-08-16 02:28:09.691 [info] > git rev-parse --show-toplevel [1ms]
2023-08-16 02:28:09.691 [info] fatal: not a git repository (or any of the parent directories): .git
2023-08-16 02:28:09.691 [info] > git rev-parse --show-toplevel [0ms]
2023-08-16 02:28:09.691 [info] fatal: not a git repository (or any of the parent directories): .git
2023-08-16 02:28:09.691 [info] > git rev-parse --show-toplevel [2ms]
2023-08-16 02:28:09.691 [info] fatal: not a git repository (or any of the parent directories): .git
2023-08-16 02:28:09.691 [info] > git rev-parse --show-toplevel [0ms]
2023-08-16 02:28:09.691 [info] fatal: not a git repository (or any of the parent directories): .git
2023-08-16 02:28:09.691 [info] > git rev-parse --show-toplevel [1ms]
2023-08-16 02:28:09.691 [info] fatal: not a git repository (or any of the parent directories): .git
2023-08-16 02:28:09.691 [info] > git rev-parse --show-toplevel [1ms]
2023-08-16 02:28:09.691 [info] fatal: not a git repository (or any of the parent directories): .git
2023-08-16 02:28:09.691 [info] > git rev-parse --show-toplevel [0ms]
2023-08-16 02:28:09.691 [info] fatal: not a git repository (or any of the parent directories): .git
2023-08-16 02:28:09.691 [info] > git rev-parse --show-toplevel [1ms]
2023-08-16 02:28:09.691 [info] fatal: not a git repository (or any of the parent directories): .git
2023-08-16 02:28:09.691 [info] > git rev-parse --show-toplevel [3ms]
2023-08-16 02:28:09.691 [info] fatal: not a git repository (or any of the parent directories): .git
2023-08-16 02:28:09.691 [info] > git rev-parse --show-toplevel [2ms]
2023-08-16 02:28:09.691 [info] fatal: not a git repository (or any of the parent directories): .git
2023-08-16 02:28:09.691 [info] > git rev-parse --show-toplevel [2ms]
2023-08-16 02:28:09.691 [info] fatal: not a git repository (or any of the parent directories): .git
2023-08-16 02:28:09.691 [info] > git rev-parse --show-toplevel [4ms]
2023-08-16 02:28:09.691 [info] fatal: not a git repository (or any of the parent directories): .git
2023-08-16 02:28:09.693 [info] > git rev-parse --show-toplevel [3ms]
2023-08-16 02:28:09.693 [info] fatal: not a git repository (or any of the parent directories): .git
2023-08-16 02:28:09.700 [info] > git rev-parse --show-toplevel [1ms]
2023-08-16 02:28:09.700 [info] fatal: not a git repository (or any of the parent directories): .git
2023-08-16 02:28:09.709 [info] > git rev-parse --show-toplevel [2ms]
2023-08-16 02:28:09.709 [info] fatal: not a git repository (or any of the parent directories): .git
